<?xml version="1.0" encoding="UTF-8"?>
<testsuite xmlns:xsi="http://www.w3.org/2001/XMLSchema-instance" xsi:noNamespaceSchemaLocation="https://maven.apache.org/surefire/maven-surefire-plugin/xsd/surefire-test-report-3.0.xsd" version="3.0" name="com.example.TestIntegration.UserControllerTest" time="0.87" tests="6" errors="0" skipped="0" failures="0">
  <properties>
[...]
</properties>
  <testcase name="shouldFindUserByIdAndType" classname="com.example.TestIntegration.UserControllerTest" time="0.223">
    <system-out><![CDATA[2024-10-16T12:31:59.259-05:00  INFO 4272 --- [TestIntegration] [           main] t.c.s.AnnotationConfigContextLoaderUtils : Could not detect default configuration classes for test class [com.example.TestIntegration.UserControllerTest]: UserControllerTest does not declare any static, non-private, non-final, nested classes annotated with @Configuration.
2024-10-16T12:31:59.326-05:00  INFO 4272 --- [TestIntegration] [           main] .b.t.c.SpringBootTestContextBootstrapper : Found @SpringBootConfiguration com.example.TestIntegration.TestIntegrationApplication for test class com.example.TestIntegration.UserControllerTest

  .   ____          _            __ _ _
 /\\ / ___'_ __ _ _(_)_ __  __ _ \ \ \ \
( ( )\___ | '_ | '_| | '_ \/ _` | \ \ \ \
 \\/  ___)| |_)| | | | | || (_| |  ) ) ) )
  '  |____| .__|_| |_|_| |_\__, | / / / /
 =========|_|==============|___/=/_/_/_/

 :: Spring Boot ::                (v3.3.4)

2024-10-16T12:31:59.389-05:00  INFO 4272 --- [TestIntegration] [           main] c.e.TestIntegration.UserControllerTest   : Starting UserControllerTest using Java 22.0.2 with PID 4272 (started by camo_ in C:\Users\camo_\Descargas2024\BeyserinPruebaBackEnd\BeyserinPruebaBack)
2024-10-16T12:31:59.390-05:00  INFO 4272 --- [TestIntegration] [           main] c.e.TestIntegration.UserControllerTest   : No active profile set, falling back to 1 default profile: "default"
2024-10-16T12:31:59.723-05:00  INFO 4272 --- [TestIntegration] [           main] o.s.b.t.m.w.SpringBootMockServletContext : Initializing Spring TestDispatcherServlet ''
2024-10-16T12:31:59.723-05:00  INFO 4272 --- [TestIntegration] [           main] o.s.t.web.servlet.TestDispatcherServlet  : Initializing Servlet ''
2024-10-16T12:31:59.726-05:00  INFO 4272 --- [TestIntegration] [           main] o.s.t.web.servlet.TestDispatcherServlet  : Completed initialization in 2 ms
2024-10-16T12:31:59.738-05:00  INFO 4272 --- [TestIntegration] [           main] c.e.TestIntegration.UserControllerTest   : Started UserControllerTest in 0.399 seconds (process running for 6.057)
]]></system-out>
  </testcase>
  <testcase name="getUserErrorWhenIdIsNotInURL" classname="com.example.TestIntegration.UserControllerTest" time="0.027">
    <system-out><![CDATA[2024-10-16T12:31:59.990-05:00  WARN 4272 --- [TestIntegration] [           main] .w.s.m.s.DefaultHandlerExceptionResolver : Resolved [org.springframework.web.HttpRequestMethodNotSupportedException: Request method 'GET' is not supported]
]]></system-out>
  </testcase>
  <testcase name="shouldFindAllUsers" classname="com.example.TestIntegration.UserControllerTest" time="0.039"/>
  <testcase name="getUserErrorWhenIdTypeIsNotInURL" classname="com.example.TestIntegration.UserControllerTest" time="0.015">
    <system-out><![CDATA[2024-10-16T12:32:00.062-05:00  WARN 4272 --- [TestIntegration] [           main] .w.s.m.s.DefaultHandlerExceptionResolver : Resolved [org.springframework.web.HttpRequestMethodNotSupportedException: Request method 'GET' is not supported]
]]></system-out>
  </testcase>
  <testcase name="getUserErrorEmptyId" classname="com.example.TestIntegration.UserControllerTest" time="0.024">
    <system-out><![CDATA[2024-10-16T12:32:00.092-05:00  WARN 4272 --- [TestIntegration] [           main] .w.s.m.s.DefaultHandlerExceptionResolver : Resolved [org.springframework.web.HttpRequestMethodNotSupportedException: Request method 'GET' is not supported]
]]></system-out>
  </testcase>
  <testcase name="getUserErrorEmptyIdType" classname="com.example.TestIntegration.UserControllerTest" time="0.019"/>
</testsuite>